mode: atomic
github.com/cerberussg/tagger/pkg/enricher/enricher.go:115.82,116.19 1 0
github.com/cerberussg/tagger/pkg/enricher/enricher.go:116.19,125.3 1 0
github.com/cerberussg/tagger/pkg/enricher/enricher.go:127.2,130.3 1 0
github.com/cerberussg/tagger/pkg/enricher/enricher.go:134.94,135.27 1 0
github.com/cerberussg/tagger/pkg/enricher/enricher.go:135.27,137.3 1 0
github.com/cerberussg/tagger/pkg/enricher/enricher.go:139.2,146.38 2 0
github.com/cerberussg/tagger/pkg/enricher/enricher.go:150.103,155.27 3 0
github.com/cerberussg/tagger/pkg/enricher/enricher.go:156.21,157.33 1 0
github.com/cerberussg/tagger/pkg/enricher/enricher.go:158.20,159.32 1 0
github.com/cerberussg/tagger/pkg/enricher/enricher.go:160.24,161.36 1 0
github.com/cerberussg/tagger/pkg/enricher/enricher.go:162.10,163.33 1 0
github.com/cerberussg/tagger/pkg/enricher/enricher.go:168.97,171.39 2 0
github.com/cerberussg/tagger/pkg/enricher/enricher.go:171.39,173.17 2 0
github.com/cerberussg/tagger/pkg/enricher/enricher.go:173.17,175.12 2 0
github.com/cerberussg/tagger/pkg/enricher/enricher.go:178.3,178.67 1 0
github.com/cerberussg/tagger/pkg/enricher/enricher.go:178.67,179.52 1 0
github.com/cerberussg/tagger/pkg/enricher/enricher.go:179.52,181.5 1 0
github.com/cerberussg/tagger/pkg/enricher/enricher.go:185.2,185.20 1 0
github.com/cerberussg/tagger/pkg/enricher/enricher.go:185.20,187.3 1 0
github.com/cerberussg/tagger/pkg/enricher/enricher.go:188.2,188.25 1 0
github.com/cerberussg/tagger/pkg/enricher/enricher.go:192.96,196.39 3 0
github.com/cerberussg/tagger/pkg/enricher/enricher.go:196.39,198.17 2 0
github.com/cerberussg/tagger/pkg/enricher/enricher.go:198.17,200.12 2 0
github.com/cerberussg/tagger/pkg/enricher/enricher.go:203.3,203.67 1 0
github.com/cerberussg/tagger/pkg/enricher/enricher.go:203.67,204.52 1 0
github.com/cerberussg/tagger/pkg/enricher/enricher.go:204.52,205.71 1 0
github.com/cerberussg/tagger/pkg/enricher/enricher.go:205.71,207.6 1 0
github.com/cerberussg/tagger/pkg/enricher/enricher.go:212.2,212.23 1 0
github.com/cerberussg/tagger/pkg/enricher/enricher.go:212.23,214.3 1 0
github.com/cerberussg/tagger/pkg/enricher/enricher.go:216.2,216.20 1 0
github.com/cerberussg/tagger/pkg/enricher/enricher.go:216.20,218.3 1 0
github.com/cerberussg/tagger/pkg/enricher/enricher.go:219.2,219.25 1 0
github.com/cerberussg/tagger/pkg/enricher/enricher.go:223.100,226.33 2 0
github.com/cerberussg/tagger/pkg/enricher/enricher.go:226.33,228.3 1 0
github.com/cerberussg/tagger/pkg/enricher/enricher.go:231.2,238.42 2 0
github.com/cerberussg/tagger/pkg/enricher/enricher.go:242.59,244.2 1 0
github.com/cerberussg/tagger/pkg/enricher/enricher.go:247.54,249.2 1 0
github.com/cerberussg/tagger/pkg/enricher/enricher.go:252.34,254.39 2 0
github.com/cerberussg/tagger/pkg/enricher/enricher.go:254.39,255.42 1 0
github.com/cerberussg/tagger/pkg/enricher/enricher.go:255.42,257.4 1 0
github.com/cerberussg/tagger/pkg/enricher/enricher.go:259.2,259.16 1 0
github.com/cerberussg/tagger/pkg/enricher/enricher.go:263.76,270.16 3 0
github.com/cerberussg/tagger/pkg/enricher/enricher.go:270.16,272.3 1 0
github.com/cerberussg/tagger/pkg/enricher/enricher.go:272.8,274.3 1 0
github.com/cerberussg/tagger/pkg/enricher/enricher.go:277.2,277.26 1 0
github.com/cerberussg/tagger/pkg/enricher/enricher.go:277.26,279.3 1 0
github.com/cerberussg/tagger/pkg/enricher/enricher.go:280.2,280.53 1 0
github.com/cerberussg/tagger/pkg/enricher/enricher.go:280.53,282.3 1 0
github.com/cerberussg/tagger/pkg/enricher/enricher.go:283.2,283.34 1 0
github.com/cerberussg/tagger/pkg/enricher/enricher.go:283.34,285.3 1 0
github.com/cerberussg/tagger/pkg/enricher/enricher.go:288.2,288.22 1 0
github.com/cerberussg/tagger/pkg/enricher/enricher.go:288.22,290.3 1 0
github.com/cerberussg/tagger/pkg/enricher/enricher.go:292.2,292.19 1 0
github.com/cerberussg/tagger/pkg/enricher/enricher.go:115.82,116.19 1 0
github.com/cerberussg/tagger/pkg/enricher/enricher.go:116.19,125.3 1 0
github.com/cerberussg/tagger/pkg/enricher/enricher.go:127.2,130.3 1 0
github.com/cerberussg/tagger/pkg/enricher/enricher.go:134.94,135.27 1 0
github.com/cerberussg/tagger/pkg/enricher/enricher.go:135.27,137.3 1 0
github.com/cerberussg/tagger/pkg/enricher/enricher.go:139.2,146.38 2 0
github.com/cerberussg/tagger/pkg/enricher/enricher.go:150.103,155.27 3 0
github.com/cerberussg/tagger/pkg/enricher/enricher.go:156.21,157.33 1 0
github.com/cerberussg/tagger/pkg/enricher/enricher.go:158.20,159.32 1 0
github.com/cerberussg/tagger/pkg/enricher/enricher.go:160.24,161.36 1 0
github.com/cerberussg/tagger/pkg/enricher/enricher.go:162.10,163.33 1 0
github.com/cerberussg/tagger/pkg/enricher/enricher.go:168.97,171.39 2 0
github.com/cerberussg/tagger/pkg/enricher/enricher.go:171.39,173.17 2 0
github.com/cerberussg/tagger/pkg/enricher/enricher.go:173.17,175.12 2 0
github.com/cerberussg/tagger/pkg/enricher/enricher.go:178.3,178.67 1 0
github.com/cerberussg/tagger/pkg/enricher/enricher.go:178.67,179.52 1 0
github.com/cerberussg/tagger/pkg/enricher/enricher.go:179.52,181.5 1 0
github.com/cerberussg/tagger/pkg/enricher/enricher.go:185.2,185.20 1 0
github.com/cerberussg/tagger/pkg/enricher/enricher.go:185.20,187.3 1 0
github.com/cerberussg/tagger/pkg/enricher/enricher.go:188.2,188.25 1 0
github.com/cerberussg/tagger/pkg/enricher/enricher.go:192.96,196.39 3 0
github.com/cerberussg/tagger/pkg/enricher/enricher.go:196.39,198.17 2 0
github.com/cerberussg/tagger/pkg/enricher/enricher.go:198.17,200.12 2 0
github.com/cerberussg/tagger/pkg/enricher/enricher.go:203.3,203.67 1 0
github.com/cerberussg/tagger/pkg/enricher/enricher.go:203.67,204.52 1 0
github.com/cerberussg/tagger/pkg/enricher/enricher.go:204.52,205.71 1 0
github.com/cerberussg/tagger/pkg/enricher/enricher.go:205.71,207.6 1 0
github.com/cerberussg/tagger/pkg/enricher/enricher.go:212.2,212.23 1 0
github.com/cerberussg/tagger/pkg/enricher/enricher.go:212.23,214.3 1 0
github.com/cerberussg/tagger/pkg/enricher/enricher.go:216.2,216.20 1 0
github.com/cerberussg/tagger/pkg/enricher/enricher.go:216.20,218.3 1 0
github.com/cerberussg/tagger/pkg/enricher/enricher.go:219.2,219.25 1 0
github.com/cerberussg/tagger/pkg/enricher/enricher.go:223.100,226.33 2 0
github.com/cerberussg/tagger/pkg/enricher/enricher.go:226.33,228.3 1 0
github.com/cerberussg/tagger/pkg/enricher/enricher.go:231.2,238.42 2 0
github.com/cerberussg/tagger/pkg/enricher/enricher.go:242.59,244.2 1 0
github.com/cerberussg/tagger/pkg/enricher/enricher.go:247.54,249.2 1 0
github.com/cerberussg/tagger/pkg/enricher/enricher.go:252.34,254.39 2 0
github.com/cerberussg/tagger/pkg/enricher/enricher.go:254.39,255.42 1 0
github.com/cerberussg/tagger/pkg/enricher/enricher.go:255.42,257.4 1 0
github.com/cerberussg/tagger/pkg/enricher/enricher.go:259.2,259.16 1 0
github.com/cerberussg/tagger/pkg/enricher/enricher.go:263.76,270.16 3 1
github.com/cerberussg/tagger/pkg/enricher/enricher.go:270.16,272.3 1 1
github.com/cerberussg/tagger/pkg/enricher/enricher.go:272.8,274.3 1 0
github.com/cerberussg/tagger/pkg/enricher/enricher.go:277.2,277.26 1 1
github.com/cerberussg/tagger/pkg/enricher/enricher.go:277.26,279.3 1 1
github.com/cerberussg/tagger/pkg/enricher/enricher.go:280.2,280.53 1 1
github.com/cerberussg/tagger/pkg/enricher/enricher.go:280.53,282.3 1 1
github.com/cerberussg/tagger/pkg/enricher/enricher.go:283.2,283.34 1 1
github.com/cerberussg/tagger/pkg/enricher/enricher.go:283.34,285.3 1 1
github.com/cerberussg/tagger/pkg/enricher/enricher.go:288.2,288.22 1 1
github.com/cerberussg/tagger/pkg/enricher/enricher.go:288.22,290.3 1 0
github.com/cerberussg/tagger/pkg/enricher/enricher.go:292.2,292.19 1 1
github.com/cerberussg/tagger/pkg/enricher/musicbrainz/musicbrainz.go:33.52,40.2 1 8
github.com/cerberussg/tagger/pkg/enricher/musicbrainz/musicbrainz.go:43.45,45.2 1 1
github.com/cerberussg/tagger/pkg/enricher/musicbrainz/musicbrainz.go:48.114,56.2 2 0
github.com/cerberussg/tagger/pkg/enricher/musicbrainz/musicbrainz.go:59.130,61.48 1 0
github.com/cerberussg/tagger/pkg/enricher/musicbrainz/musicbrainz.go:61.48,63.3 1 0
github.com/cerberussg/tagger/pkg/enricher/musicbrainz/musicbrainz.go:66.2,67.16 2 0
github.com/cerberussg/tagger/pkg/enricher/musicbrainz/musicbrainz.go:67.16,69.3 1 0
github.com/cerberussg/tagger/pkg/enricher/musicbrainz/musicbrainz.go:71.2,71.26 1 0
github.com/cerberussg/tagger/pkg/enricher/musicbrainz/musicbrainz.go:71.26,73.3 1 0
github.com/cerberussg/tagger/pkg/enricher/musicbrainz/musicbrainz.go:76.2,77.26 2 0
github.com/cerberussg/tagger/pkg/enricher/musicbrainz/musicbrainz.go:77.26,79.3 1 0
github.com/cerberussg/tagger/pkg/enricher/musicbrainz/musicbrainz.go:82.2,83.16 2 0
github.com/cerberussg/tagger/pkg/enricher/musicbrainz/musicbrainz.go:83.16,85.3 1 0
github.com/cerberussg/tagger/pkg/enricher/musicbrainz/musicbrainz.go:88.2,89.24 2 0
github.com/cerberussg/tagger/pkg/enricher/musicbrainz/musicbrainz.go:89.24,91.3 1 0
github.com/cerberussg/tagger/pkg/enricher/musicbrainz/musicbrainz.go:94.2,95.22 2 0
github.com/cerberussg/tagger/pkg/enricher/musicbrainz/musicbrainz.go:99.64,102.15 2 7
github.com/cerberussg/tagger/pkg/enricher/musicbrainz/musicbrainz.go:103.40,104.14 1 3
github.com/cerberussg/tagger/pkg/enricher/musicbrainz/musicbrainz.go:105.49,106.14 1 2
github.com/cerberussg/tagger/pkg/enricher/musicbrainz/musicbrainz.go:107.42,108.14 1 1
github.com/cerberussg/tagger/pkg/enricher/musicbrainz/musicbrainz.go:109.10,110.14 1 1
github.com/cerberussg/tagger/pkg/enricher/musicbrainz/musicbrainz.go:115.66,122.2 1 1
github.com/cerberussg/tagger/pkg/enricher/musicbrainz/musicbrainz.go:125.45,128.2 1 1
github.com/cerberussg/tagger/pkg/enricher/musicbrainz/musicbrainz.go:131.75,133.25 2 3
github.com/cerberussg/tagger/pkg/enricher/musicbrainz/musicbrainz.go:133.25,136.10 2 2
github.com/cerberussg/tagger/pkg/enricher/musicbrainz/musicbrainz.go:137.31,137.31 0 1
github.com/cerberussg/tagger/pkg/enricher/musicbrainz/musicbrainz.go:139.21,140.20 1 1
github.com/cerberussg/tagger/pkg/enricher/musicbrainz/musicbrainz.go:144.2,145.12 2 2
github.com/cerberussg/tagger/pkg/enricher/musicbrainz/musicbrainz.go:149.119,154.21 2 0
github.com/cerberussg/tagger/pkg/enricher/musicbrainz/musicbrainz.go:154.21,156.3 1 0
github.com/cerberussg/tagger/pkg/enricher/musicbrainz/musicbrainz.go:159.2,168.16 7 0
github.com/cerberussg/tagger/pkg/enricher/musicbrainz/musicbrainz.go:168.16,170.3 1 0
github.com/cerberussg/tagger/pkg/enricher/musicbrainz/musicbrainz.go:172.2,176.16 4 0
github.com/cerberussg/tagger/pkg/enricher/musicbrainz/musicbrainz.go:176.16,178.3 1 0
github.com/cerberussg/tagger/pkg/enricher/musicbrainz/musicbrainz.go:179.2,182.46 2 0
github.com/cerberussg/tagger/pkg/enricher/musicbrainz/musicbrainz.go:182.46,185.3 2 0
github.com/cerberussg/tagger/pkg/enricher/musicbrainz/musicbrainz.go:187.2,187.38 1 0
github.com/cerberussg/tagger/pkg/enricher/musicbrainz/musicbrainz.go:187.38,190.3 2 0
github.com/cerberussg/tagger/pkg/enricher/musicbrainz/musicbrainz.go:193.2,194.16 2 0
github.com/cerberussg/tagger/pkg/enricher/musicbrainz/musicbrainz.go:194.16,196.3 1 0
github.com/cerberussg/tagger/pkg/enricher/musicbrainz/musicbrainz.go:198.2,199.60 2 0
github.com/cerberussg/tagger/pkg/enricher/musicbrainz/musicbrainz.go:199.60,201.3 1 0
github.com/cerberussg/tagger/pkg/enricher/musicbrainz/musicbrainz.go:203.2,203.37 1 0
github.com/cerberussg/tagger/pkg/enricher/musicbrainz/musicbrainz.go:207.112,208.48 1 0
github.com/cerberussg/tagger/pkg/enricher/musicbrainz/musicbrainz.go:208.48,210.3 1 0
github.com/cerberussg/tagger/pkg/enricher/musicbrainz/musicbrainz.go:213.2,220.16 6 0
github.com/cerberussg/tagger/pkg/enricher/musicbrainz/musicbrainz.go:220.16,222.3 1 0
github.com/cerberussg/tagger/pkg/enricher/musicbrainz/musicbrainz.go:224.2,228.16 4 0
github.com/cerberussg/tagger/pkg/enricher/musicbrainz/musicbrainz.go:228.16,230.3 1 0
github.com/cerberussg/tagger/pkg/enricher/musicbrainz/musicbrainz.go:231.2,233.38 2 0
github.com/cerberussg/tagger/pkg/enricher/musicbrainz/musicbrainz.go:233.38,235.3 1 0
github.com/cerberussg/tagger/pkg/enricher/musicbrainz/musicbrainz.go:237.2,238.16 2 0
github.com/cerberussg/tagger/pkg/enricher/musicbrainz/musicbrainz.go:238.16,240.3 1 0
github.com/cerberussg/tagger/pkg/enricher/musicbrainz/musicbrainz.go:242.2,243.57 2 0
github.com/cerberussg/tagger/pkg/enricher/musicbrainz/musicbrainz.go:243.57,245.3 1 0
github.com/cerberussg/tagger/pkg/enricher/musicbrainz/musicbrainz.go:247.2,247.32 1 0
github.com/cerberussg/tagger/pkg/enricher/musicbrainz/musicbrainz.go:251.123,252.26 1 2
github.com/cerberussg/tagger/pkg/enricher/musicbrainz/musicbrainz.go:252.26,254.3 1 1
github.com/cerberussg/tagger/pkg/enricher/musicbrainz/musicbrainz.go:257.2,260.39 3 1
github.com/cerberussg/tagger/pkg/enricher/musicbrainz/musicbrainz.go:260.39,264.54 2 3
github.com/cerberussg/tagger/pkg/enricher/musicbrainz/musicbrainz.go:264.54,266.4 1 1
github.com/cerberussg/tagger/pkg/enricher/musicbrainz/musicbrainz.go:269.3,269.49 1 3
github.com/cerberussg/tagger/pkg/enricher/musicbrainz/musicbrainz.go:269.49,270.59 1 3
github.com/cerberussg/tagger/pkg/enricher/musicbrainz/musicbrainz.go:270.59,272.10 2 1
github.com/cerberussg/tagger/pkg/enricher/musicbrainz/musicbrainz.go:276.3,276.24 1 3
github.com/cerberussg/tagger/pkg/enricher/musicbrainz/musicbrainz.go:276.24,279.4 2 2
github.com/cerberussg/tagger/pkg/enricher/musicbrainz/musicbrainz.go:282.2,282.22 1 1
github.com/cerberussg/tagger/pkg/enricher/musicbrainz/musicbrainz.go:286.97,287.24 1 3
github.com/cerberussg/tagger/pkg/enricher/musicbrainz/musicbrainz.go:287.24,289.3 1 1
github.com/cerberussg/tagger/pkg/enricher/musicbrainz/musicbrainz.go:291.2,291.21 1 2
github.com/cerberussg/tagger/pkg/enricher/musicbrainz/musicbrainz.go:291.21,293.3 1 1
github.com/cerberussg/tagger/pkg/enricher/musicbrainz/musicbrainz.go:296.2,299.35 3 1
github.com/cerberussg/tagger/pkg/enricher/musicbrainz/musicbrainz.go:299.35,300.25 1 3
github.com/cerberussg/tagger/pkg/enricher/musicbrainz/musicbrainz.go:300.25,301.57 1 3
github.com/cerberussg/tagger/pkg/enricher/musicbrainz/musicbrainz.go:301.57,304.5 2 2
github.com/cerberussg/tagger/pkg/enricher/musicbrainz/musicbrainz.go:305.9,305.32 1 0
github.com/cerberussg/tagger/pkg/enricher/musicbrainz/musicbrainz.go:305.32,307.4 1 0
github.com/cerberussg/tagger/pkg/enricher/musicbrainz/musicbrainz.go:310.2,310.45 1 1
github.com/cerberussg/tagger/pkg/enricher/musicbrainz/musicbrainz.go:310.45,312.3 1 0
github.com/cerberussg/tagger/pkg/enricher/musicbrainz/musicbrainz.go:314.2,314.20 1 1
github.com/cerberussg/tagger/pkg/enricher/musicbrainz/musicbrainz.go:318.156,330.50 2 1
github.com/cerberussg/tagger/pkg/enricher/musicbrainz/musicbrainz.go:330.50,331.62 1 1
github.com/cerberussg/tagger/pkg/enricher/musicbrainz/musicbrainz.go:331.62,333.4 1 1
github.com/cerberussg/tagger/pkg/enricher/musicbrainz/musicbrainz.go:337.2,337.32 1 1
github.com/cerberussg/tagger/pkg/enricher/musicbrainz/musicbrainz.go:337.32,339.47 2 1
github.com/cerberussg/tagger/pkg/enricher/musicbrainz/musicbrainz.go:339.47,341.4 1 1
github.com/cerberussg/tagger/pkg/enricher/musicbrainz/musicbrainz.go:345.2,348.48 3 1
github.com/cerberussg/tagger/pkg/enricher/musicbrainz/musicbrainz.go:348.48,349.60 1 1
github.com/cerberussg/tagger/pkg/enricher/musicbrainz/musicbrainz.go:349.60,351.9 2 1
github.com/cerberussg/tagger/pkg/enricher/musicbrainz/musicbrainz.go:355.2,362.17 5 1
